mode: atomic
github.com/t402-io/t402/services/facilitator/internal/metrics/prometheus.go:24.21,89.2 3 0
github.com/t402-io/t402/services/facilitator/internal/metrics/prometheus.go:92.48,93.30 1 0
github.com/t402-io/t402/services/facilitator/internal/metrics/prometheus.go:93.30,95.39 1 0
github.com/t402-io/t402/services/facilitator/internal/metrics/prometheus.go:95.39,98.4 2 0
github.com/t402-io/t402/services/facilitator/internal/metrics/prometheus.go:100.3,110.86 8 0
github.com/t402-io/t402/services/facilitator/internal/metrics/prometheus.go:115.70,117.14 2 0
github.com/t402-io/t402/services/facilitator/internal/metrics/prometheus.go:117.14,119.3 1 0
github.com/t402-io/t402/services/facilitator/internal/metrics/prometheus.go:120.2,120.62 1 0
github.com/t402-io/t402/services/facilitator/internal/metrics/prometheus.go:124.70,126.14 2 0
github.com/t402-io/t402/services/facilitator/internal/metrics/prometheus.go:126.14,128.3 1 0
github.com/t402-io/t402/services/facilitator/internal/metrics/prometheus.go:129.2,129.62 1 0
github.com/t402-io/t402/services/facilitator/internal/metrics/prometheus.go:133.63,135.2 1 0
github.com/t402-io/t402/services/facilitator/internal/metrics/prometheus.go:138.57,140.2 1 0
github.com/t402-io/t402/services/facilitator/internal/metrics/prometheus.go:143.45,145.30 2 0
github.com/t402-io/t402/services/facilitator/internal/metrics/prometheus.go:145.30,147.3 1 0
github.com/t402-io/t402/services/facilitator/internal/cache/redis.go:17.50,19.16 2 0
github.com/t402-io/t402/services/facilitator/internal/cache/redis.go:19.16,21.3 1 0
github.com/t402-io/t402/services/facilitator/internal/cache/redis.go:23.2,29.47 4 0
github.com/t402-io/t402/services/facilitator/internal/cache/redis.go:29.47,31.3 1 0
github.com/t402-io/t402/services/facilitator/internal/cache/redis.go:33.2,33.37 1 0
github.com/t402-io/t402/services/facilitator/internal/cache/redis.go:37.61,39.16 2 0
github.com/t402-io/t402/services/facilitator/internal/cache/redis.go:39.16,41.3 1 0
github.com/t402-io/t402/services/facilitator/internal/cache/redis.go:43.2,47.19 2 0
github.com/t402-io/t402/services/facilitator/internal/cache/redis.go:47.19,49.44 2 0
github.com/t402-io/t402/services/facilitator/internal/cache/redis.go:49.44,51.4 1 0
github.com/t402-io/t402/services/facilitator/internal/cache/redis.go:54.2,54.18 1 0
github.com/t402-io/t402/services/facilitator/internal/cache/redis.go:58.71,60.2 1 0
github.com/t402-io/t402/services/facilitator/internal/cache/redis.go:63.99,65.2 1 0
github.com/t402-io/t402/services/facilitator/internal/cache/redis.go:68.71,70.2 1 0
github.com/t402-io/t402/services/facilitator/internal/cache/redis.go:73.83,75.2 1 0
github.com/t402-io/t402/services/facilitator/internal/cache/redis.go:78.78,80.2 1 0
github.com/t402-io/t402/services/facilitator/internal/cache/redis.go:83.68,85.2 1 0
github.com/t402-io/t402/services/facilitator/internal/cache/redis.go:88.72,91.2 2 0
github.com/t402-io/t402/services/facilitator/internal/cache/redis.go:94.50,96.2 1 0
github.com/t402-io/t402/services/facilitator/internal/cache/redis.go:99.32,101.2 1 0
github.com/t402-io/t402/services/facilitator/internal/auth/apikey.go:39.50,41.29 1 4
github.com/t402-io/t402/services/facilitator/internal/auth/apikey.go:41.29,43.3 1 1
github.com/t402-io/t402/services/facilitator/internal/auth/apikey.go:44.2,44.34 1 3
github.com/t402-io/t402/services/facilitator/internal/auth/apikey.go:44.34,45.28 1 4
github.com/t402-io/t402/services/facilitator/internal/auth/apikey.go:45.28,47.4 1 2
github.com/t402-io/t402/services/facilitator/internal/auth/apikey.go:49.2,49.14 1 1
github.com/t402-io/t402/services/facilitator/internal/auth/apikey.go:53.35,54.26 1 2
github.com/t402-io/t402/services/facilitator/internal/auth/apikey.go:54.26,56.3 1 2
github.com/t402-io/t402/services/facilitator/internal/auth/apikey.go:57.2,57.38 1 0
github.com/t402-io/t402/services/facilitator/internal/auth/apikey.go:69.47,75.2 1 5
github.com/t402-io/t402/services/facilitator/internal/auth/apikey.go:78.54,79.20 1 5
github.com/t402-io/t402/services/facilitator/internal/auth/apikey.go:79.20,81.3 1 1
github.com/t402-io/t402/services/facilitator/internal/auth/apikey.go:83.2,84.29 2 4
github.com/t402-io/t402/services/facilitator/internal/auth/apikey.go:84.29,86.40 2 6
github.com/t402-io/t402/services/facilitator/internal/auth/apikey.go:86.40,87.12 1 0
github.com/t402-io/t402/services/facilitator/internal/auth/apikey.go:90.3,92.40 3 6
github.com/t402-io/t402/services/facilitator/internal/auth/apikey.go:92.40,94.4 1 5
github.com/t402-io/t402/services/facilitator/internal/auth/apikey.go:96.3,105.16 4 6
github.com/t402-io/t402/services/facilitator/internal/auth/apikey.go:108.2,108.12 1 4
github.com/t402-io/t402/services/facilitator/internal/auth/apikey.go:112.84,113.18 1 3
github.com/t402-io/t402/services/facilitator/internal/auth/apikey.go:113.18,115.3 1 1
github.com/t402-io/t402/services/facilitator/internal/auth/apikey.go:117.2,124.13 5 2
github.com/t402-io/t402/services/facilitator/internal/auth/apikey.go:124.13,127.20 2 1
github.com/t402-io/t402/services/facilitator/internal/auth/apikey.go:127.20,129.4 1 1
github.com/t402-io/t402/services/facilitator/internal/auth/apikey.go:133.2,133.20 1 1
github.com/t402-io/t402/services/facilitator/internal/auth/apikey.go:133.20,135.3 1 0
github.com/t402-io/t402/services/facilitator/internal/auth/apikey.go:138.2,138.24 1 1
github.com/t402-io/t402/services/facilitator/internal/auth/apikey.go:138.24,140.3 1 0
github.com/t402-io/t402/services/facilitator/internal/auth/apikey.go:143.2,145.20 2 1
github.com/t402-io/t402/services/facilitator/internal/auth/apikey.go:149.150,152.16 2 0
github.com/t402-io/t402/services/facilitator/internal/auth/apikey.go:152.16,154.3 1 0
github.com/t402-io/t402/services/facilitator/internal/auth/apikey.go:156.2,157.19 2 0
github.com/t402-io/t402/services/facilitator/internal/auth/apikey.go:157.19,159.3 1 0
github.com/t402-io/t402/services/facilitator/internal/auth/apikey.go:161.2,172.51 2 0
github.com/t402-io/t402/services/facilitator/internal/auth/apikey.go:172.51,174.3 1 0
github.com/t402-io/t402/services/facilitator/internal/auth/apikey.go:177.2,181.28 4 0
github.com/t402-io/t402/services/facilitator/internal/auth/apikey.go:185.70,189.32 3 0
github.com/t402-io/t402/services/facilitator/internal/auth/apikey.go:189.32,190.22 1 0
github.com/t402-io/t402/services/facilitator/internal/auth/apikey.go:190.22,194.4 3 0
github.com/t402-io/t402/services/facilitator/internal/auth/apikey.go:197.2,197.25 1 0
github.com/t402-io/t402/services/facilitator/internal/auth/apikey.go:201.40,206.29 4 0
github.com/t402-io/t402/services/facilitator/internal/auth/apikey.go:206.29,208.3 1 0
github.com/t402-io/t402/services/facilitator/internal/auth/apikey.go:209.2,209.13 1 0
github.com/t402-io/t402/services/facilitator/internal/auth/apikey.go:213.37,217.2 3 4
github.com/t402-io/t402/services/facilitator/internal/auth/apikey.go:220.34,222.2 1 0
github.com/t402-io/t402/services/facilitator/internal/auth/apikey.go:225.68,233.2 5 1
github.com/t402-io/t402/services/facilitator/internal/auth/apikey.go:236.74,237.20 1 1
github.com/t402-io/t402/services/facilitator/internal/auth/apikey.go:237.20,239.3 1 1
github.com/t402-io/t402/services/facilitator/internal/auth/apikey.go:241.2,242.16 2 0
github.com/t402-io/t402/services/facilitator/internal/auth/apikey.go:242.16,244.3 1 0
github.com/t402-io/t402/services/facilitator/internal/auth/apikey.go:246.2,247.47 2 0
github.com/t402-io/t402/services/facilitator/internal/auth/apikey.go:251.86,252.20 1 1
github.com/t402-io/t402/services/facilitator/internal/auth/apikey.go:252.20,254.3 1 1
github.com/t402-io/t402/services/facilitator/internal/auth/apikey.go:256.2,258.16 3 0
github.com/t402-io/t402/services/facilitator/internal/auth/apikey.go:258.16,260.3 1 0
github.com/t402-io/t402/services/facilitator/internal/auth/apikey.go:262.2,263.62 2 0
github.com/t402-io/t402/services/facilitator/internal/auth/apikey.go:263.62,265.3 1 0
github.com/t402-io/t402/services/facilitator/internal/auth/apikey.go:267.2,267.21 1 0
github.com/t402-io/t402/services/facilitator/internal/auth/apikey.go:271.33,274.2 2 11
github.com/t402-io/t402/services/facilitator/internal/auth/apikey.go:277.29,281.2 3 6
github.com/t402-io/t402/services/facilitator/internal/auth/apikey.go:284.52,286.40 2 2
github.com/t402-io/t402/services/facilitator/internal/auth/apikey.go:286.40,288.3 1 0
github.com/t402-io/t402/services/facilitator/internal/auth/apikey.go:289.2,289.45 1 2
github.com/t402-io/t402/services/facilitator/internal/auth/apikey.go:293.38,295.2 1 3
github.com/t402-io/t402/services/facilitator/internal/auth/middleware.go:26.30,33.2 1 0
github.com/t402-io/t402/services/facilitator/internal/auth/middleware.go:36.64,37.16 1 0
github.com/t402-io/t402/services/facilitator/internal/auth/middleware.go:37.16,39.3 1 0
github.com/t402-io/t402/services/facilitator/internal/auth/middleware.go:41.2,41.30 1 0
github.com/t402-io/t402/services/facilitator/internal/auth/middleware.go:41.30,44.42 2 0
github.com/t402-io/t402/services/facilitator/internal/auth/middleware.go:44.42,45.65 1 0
github.com/t402-io/t402/services/facilitator/internal/auth/middleware.go:45.65,48.5 2 0
github.com/t402-io/t402/services/facilitator/internal/auth/middleware.go:52.3,52.42 1 0
github.com/t402-io/t402/services/facilitator/internal/auth/middleware.go:52.42,55.4 2 0
github.com/t402-io/t402/services/facilitator/internal/auth/middleware.go:58.3,59.19 2 0
github.com/t402-io/t402/services/facilitator/internal/auth/middleware.go:59.19,61.4 1 0
github.com/t402-io/t402/services/facilitator/internal/auth/middleware.go:64.3,64.19 1 0
github.com/t402-io/t402/services/facilitator/internal/auth/middleware.go:64.19,66.42 2 0
github.com/t402-io/t402/services/facilitator/internal/auth/middleware.go:66.42,68.5 1 0
github.com/t402-io/t402/services/facilitator/internal/auth/middleware.go:72.3,72.19 1 0
github.com/t402-io/t402/services/facilitator/internal/auth/middleware.go:72.19,73.41 1 0
github.com/t402-io/t402/services/facilitator/internal/auth/middleware.go:73.41,79.5 2 0
github.com/t402-io/t402/services/facilitator/internal/auth/middleware.go:80.4,81.10 2 0
github.com/t402-io/t402/services/facilitator/internal/auth/middleware.go:85.3,86.17 2 0
github.com/t402-io/t402/services/facilitator/internal/auth/middleware.go:86.17,90.15 3 0
github.com/t402-io/t402/services/facilitator/internal/auth/middleware.go:91.26,92.36 1 0
github.com/t402-io/t402/services/facilitator/internal/auth/middleware.go:93.26,94.41 1 0
github.com/t402-io/t402/services/facilitator/internal/auth/middleware.go:97.4,101.10 2 0
github.com/t402-io/t402/services/facilitator/internal/auth/middleware.go:105.3,106.41 2 0
github.com/t402-io/t402/services/facilitator/internal/auth/middleware.go:106.41,112.4 2 0
github.com/t402-io/t402/services/facilitator/internal/auth/middleware.go:115.3,119.11 4 0
github.com/t402-io/t402/services/facilitator/internal/auth/middleware.go:124.55,125.14 1 0
github.com/t402-io/t402/services/facilitator/internal/auth/middleware.go:126.17,127.18 1 0
github.com/t402-io/t402/services/facilitator/internal/auth/middleware.go:128.17,129.18 1 0
github.com/t402-io/t402/services/facilitator/internal/auth/middleware.go:130.20,131.21 1 0
github.com/t402-io/t402/services/facilitator/internal/auth/middleware.go:132.10,133.16 1 0
github.com/t402-io/t402/services/facilitator/internal/auth/middleware.go:138.38,139.47 1 0
github.com/t402-io/t402/services/facilitator/internal/auth/middleware.go:139.47,141.3 1 0
github.com/t402-io/t402/services/facilitator/internal/auth/middleware.go:142.2,142.11 1 0
github.com/t402-io/t402/services/facilitator/internal/auth/middleware.go:146.40,147.51 1 0
github.com/t402-io/t402/services/facilitator/internal/auth/middleware.go:147.51,149.3 1 0
github.com/t402-io/t402/services/facilitator/internal/auth/middleware.go:150.2,150.11 1 0
github.com/t402-io/t402/services/facilitator/internal/auth/middleware.go:154.42,155.58 1 0
github.com/t402-io/t402/services/facilitator/internal/auth/middleware.go:155.58,157.3 1 0
github.com/t402-io/t402/services/facilitator/internal/auth/middleware.go:158.2,158.10 1 0
github.com/t402-io/t402/services/facilitator/internal/health/health.go:43.63,48.2 1 5
github.com/t402-io/t402/services/facilitator/internal/health/health.go:51.51,52.30 1 1
github.com/t402-io/t402/services/facilitator/internal/health/health.go:52.30,57.3 1 1
github.com/t402-io/t402/services/facilitator/internal/health/health.go:61.50,62.30 1 1
github.com/t402-io/t402/services/facilitator/internal/health/health.go:62.30,70.37 6 1
github.com/t402-io/t402/services/facilitator/internal/health/health.go:70.37,72.4 1 1
github.com/t402-io/t402/services/facilitator/internal/health/health.go:74.3,78.5 1 1
github.com/t402-io/t402/services/facilitator/internal/health/health.go:83.58,89.12 4 1
github.com/t402-io/t402/services/facilitator/internal/health/health.go:89.12,92.3 2 1
github.com/t402-io/t402/services/facilitator/internal/health/health.go:95.2,95.12 1 1
github.com/t402-io/t402/services/facilitator/internal/health/health.go:95.12,98.3 2 1
github.com/t402-io/t402/services/facilitator/internal/health/health.go:101.2,102.32 2 1
github.com/t402-io/t402/services/facilitator/internal/health/health.go:102.32,104.3 1 1
github.com/t402-io/t402/services/facilitator/internal/health/health.go:106.2,106.15 1 1
github.com/t402-io/t402/services/facilitator/internal/health/health.go:110.57,113.20 2 2
github.com/t402-io/t402/services/facilitator/internal/health/health.go:113.20,117.3 3 2
github.com/t402-io/t402/services/facilitator/internal/health/health.go:119.2,119.42 1 0
github.com/t402-io/t402/services/facilitator/internal/health/health.go:119.42,123.3 3 0
github.com/t402-io/t402/services/facilitator/internal/health/health.go:125.2,126.14 2 0
github.com/t402-io/t402/services/facilitator/internal/health/health.go:130.65,134.31 3 7
github.com/t402-io/t402/services/facilitator/internal/health/health.go:134.31,135.23 1 11
github.com/t402-io/t402/services/facilitator/internal/health/health.go:136.24,137.23 1 5
github.com/t402-io/t402/services/facilitator/internal/health/health.go:138.23,139.22 1 2
github.com/t402-io/t402/services/facilitator/internal/health/health.go:143.2,143.18 1 7
github.com/t402-io/t402/services/facilitator/internal/health/health.go:143.18,145.3 1 4
github.com/t402-io/t402/services/facilitator/internal/health/health.go:146.2,146.17 1 3
github.com/t402-io/t402/services/facilitator/internal/health/health.go:146.17,148.3 1 1
github.com/t402-io/t402/services/facilitator/internal/health/health.go:149.2,149.22 1 2
github.com/t402-io/t402/services/facilitator/internal/config/config.go:55.21,100.2 2 2
github.com/t402-io/t402/services/facilitator/internal/config/config.go:103.39,105.2 1 4
github.com/t402-io/t402/services/facilitator/internal/config/config.go:108.38,110.2 1 4
github.com/t402-io/t402/services/facilitator/internal/config/config.go:114.46,115.42 1 42
github.com/t402-io/t402/services/facilitator/internal/config/config.go:115.42,117.3 1 6
github.com/t402-io/t402/services/facilitator/internal/config/config.go:118.2,118.21 1 36
github.com/t402-io/t402/services/facilitator/internal/config/config.go:121.50,122.42 1 11
github.com/t402-io/t402/services/facilitator/internal/config/config.go:122.42,123.55 1 7
github.com/t402-io/t402/services/facilitator/internal/config/config.go:123.55,125.4 1 6
github.com/t402-io/t402/services/facilitator/internal/config/config.go:127.2,127.21 1 5
github.com/t402-io/t402/services/facilitator/internal/config/config.go:130.53,131.42 1 11
github.com/t402-io/t402/services/facilitator/internal/config/config.go:131.42,133.3 1 8
github.com/t402-io/t402/services/facilitator/internal/config/config.go:134.2,134.21 1 3
github.com/t402-io/t402/services/facilitator/internal/server/handlers.go:24.47,26.47 2 3
github.com/t402-io/t402/services/facilitator/internal/server/handlers.go:26.47,32.3 2 1
github.com/t402-io/t402/services/facilitator/internal/server/handlers.go:35.2,44.16 3 2
github.com/t402-io/t402/services/facilitator/internal/server/handlers.go:44.16,51.3 3 1
github.com/t402-io/t402/services/facilitator/internal/server/handlers.go:54.2,56.31 2 1
github.com/t402-io/t402/services/facilitator/internal/server/handlers.go:60.47,62.47 2 4
github.com/t402-io/t402/services/facilitator/internal/server/handlers.go:62.47,68.3 2 1
github.com/t402-io/t402/services/facilitator/internal/server/handlers.go:71.2,80.16 3 3
github.com/t402-io/t402/services/facilitator/internal/server/handlers.go:80.16,87.3 3 1
github.com/t402-io/t402/services/facilitator/internal/server/handlers.go:90.2,93.21 3 2
github.com/t402-io/t402/services/facilitator/internal/server/handlers.go:93.21,95.3 1 1
github.com/t402-io/t402/services/facilitator/internal/server/handlers.go:97.2,97.24 1 2
github.com/t402-io/t402/services/facilitator/internal/server/handlers.go:101.50,104.2 2 1
github.com/t402-io/t402/services/facilitator/internal/server/handlers.go:107.74,112.59 2 10
github.com/t402-io/t402/services/facilitator/internal/server/handlers.go:112.59,114.3 1 1
github.com/t402-io/t402/services/facilitator/internal/server/handlers.go:115.2,115.32 1 9
github.com/t402-io/t402/services/facilitator/internal/server/handlers.go:119.47,121.2 1 0
github.com/t402-io/t402/services/facilitator/internal/server/middleware.go:14.44,15.30 1 3
github.com/t402-io/t402/services/facilitator/internal/server/middleware.go:15.30,17.22 2 3
github.com/t402-io/t402/services/facilitator/internal/server/middleware.go:17.22,19.4 1 2
github.com/t402-io/t402/services/facilitator/internal/server/middleware.go:20.3,22.11 3 3
github.com/t402-io/t402/services/facilitator/internal/server/middleware.go:27.33,29.2 1 4
github.com/t402-io/t402/services/facilitator/internal/server/middleware.go:32.42,33.30 1 1
github.com/t402-io/t402/services/facilitator/internal/server/middleware.go:33.30,50.3 7 1
github.com/t402-io/t402/services/facilitator/internal/server/middleware.go:54.39,55.30 1 2
github.com/t402-io/t402/services/facilitator/internal/server/middleware.go:55.30,61.36 5 2
github.com/t402-io/t402/services/facilitator/internal/server/middleware.go:61.36,64.4 2 1
github.com/t402-io/t402/services/facilitator/internal/server/middleware.go:66.3,66.11 1 1
github.com/t402-io/t402/services/facilitator/internal/server/middleware.go:71.69,72.30 1 4
github.com/t402-io/t402/services/facilitator/internal/server/middleware.go:72.30,75.66 2 6
github.com/t402-io/t402/services/facilitator/internal/server/middleware.go:75.66,78.4 2 3
github.com/t402-io/t402/services/facilitator/internal/server/middleware.go:81.3,84.17 3 3
github.com/t402-io/t402/services/facilitator/internal/server/middleware.go:84.17,88.4 3 1
github.com/t402-io/t402/services/facilitator/internal/server/middleware.go:91.3,95.15 4 2
github.com/t402-io/t402/services/facilitator/internal/server/middleware.go:95.15,102.4 3 1
github.com/t402-io/t402/services/facilitator/internal/server/middleware.go:104.3,104.11 1 1
github.com/t402-io/t402/services/facilitator/internal/server/middleware.go:109.66,110.30 1 5
github.com/t402-io/t402/services/facilitator/internal/server/middleware.go:110.30,112.26 1 5
github.com/t402-io/t402/services/facilitator/internal/server/middleware.go:112.26,115.4 2 1
github.com/t402-io/t402/services/facilitator/internal/server/middleware.go:117.3,118.19 2 4
github.com/t402-io/t402/services/facilitator/internal/server/middleware.go:118.19,120.4 1 2
github.com/t402-io/t402/services/facilitator/internal/server/middleware.go:122.3,122.19 1 4
github.com/t402-io/t402/services/facilitator/internal/server/middleware.go:122.19,127.4 2 1
github.com/t402-io/t402/services/facilitator/internal/server/middleware.go:129.3,129.25 1 3
github.com/t402-io/t402/services/facilitator/internal/server/middleware.go:129.25,134.4 2 1
github.com/t402-io/t402/services/facilitator/internal/server/middleware.go:136.3,136.11 1 2
github.com/t402-io/t402/services/facilitator/internal/server/server.go:50.11,52.24 1 0
github.com/t402-io/t402/services/facilitator/internal/server/server.go:52.24,54.3 1 0
github.com/t402-io/t402/services/facilitator/internal/server/server.go:57.2,63.23 5 0
github.com/t402-io/t402/services/facilitator/internal/server/server.go:63.23,64.62 1 0
github.com/t402-io/t402/services/facilitator/internal/server/server.go:64.62,66.4 1 0
github.com/t402-io/t402/services/facilitator/internal/server/server.go:66.9,68.4 1 0
github.com/t402-io/t402/services/facilitator/internal/server/server.go:72.2,88.10 5 0
github.com/t402-io/t402/services/facilitator/internal/server/server.go:92.36,118.2 10 0
github.com/t402-io/t402/services/facilitator/internal/server/server.go:121.60,122.30 1 0
github.com/t402-io/t402/services/facilitator/internal/server/server.go:122.30,126.51 2 0
github.com/t402-io/t402/services/facilitator/internal/server/server.go:126.51,128.4 1 0
github.com/t402-io/t402/services/facilitator/internal/server/server.go:133.32,145.2 6 0
github.com/t402-io/t402/services/facilitator/internal/server/server.go:148.26,158.12 2 0
github.com/t402-io/t402/services/facilitator/internal/server/server.go:158.12,160.86 2 0
github.com/t402-io/t402/services/facilitator/internal/server/server.go:160.86,162.4 1 0
github.com/t402-io/t402/services/facilitator/internal/server/server.go:166.2,166.21 1 0
github.com/t402-io/t402/services/facilitator/internal/server/server.go:170.36,180.51 7 0
github.com/t402-io/t402/services/facilitator/internal/server/server.go:180.51,182.3 1 0
github.com/t402-io/t402/services/facilitator/internal/server/server.go:184.2,184.31 1 0
github.com/t402-io/t402/services/facilitator/internal/ratelimit/redis.go:20.93,27.2 1 4
github.com/t402-io/t402/services/facilitator/internal/ratelimit/redis.go:30.83,35.16 3 0
github.com/t402-io/t402/services/facilitator/internal/ratelimit/redis.go:35.16,37.3 1 0
github.com/t402-io/t402/services/facilitator/internal/ratelimit/redis.go:40.2,40.16 1 0
github.com/t402-io/t402/services/facilitator/internal/ratelimit/redis.go:40.16,41.65 1 0
github.com/t402-io/t402/services/facilitator/internal/ratelimit/redis.go:41.65,43.4 1 0
github.com/t402-io/t402/services/facilitator/internal/ratelimit/redis.go:47.2,48.16 2 0
github.com/t402-io/t402/services/facilitator/internal/ratelimit/redis.go:48.16,50.3 1 0
github.com/t402-io/t402/services/facilitator/internal/ratelimit/redis.go:52.2,59.29 2 0
github.com/t402-io/t402/services/facilitator/internal/ratelimit/redis.go:59.29,61.3 1 0
github.com/t402-io/t402/services/facilitator/internal/ratelimit/redis.go:63.2,63.24 1 0
github.com/t402-io/t402/services/facilitator/internal/ratelimit/redis.go:67.24,68.11 1 6
github.com/t402-io/t402/services/facilitator/internal/ratelimit/redis.go:68.11,70.3 1 2
github.com/t402-io/t402/services/facilitator/internal/ratelimit/redis.go:71.2,71.10 1 4
github.com/t402-io/t402/services/facilitator/cmd/facilitator/main.go:33.13,43.16 6 0
github.com/t402-io/t402/services/facilitator/cmd/facilitator/main.go:43.16,47.3 3 0
github.com/t402-io/t402/services/facilitator/cmd/facilitator/main.go:47.8,49.3 1 0
github.com/t402-io/t402/services/facilitator/cmd/facilitator/main.go:52.2,53.16 2 0
github.com/t402-io/t402/services/facilitator/cmd/facilitator/main.go:53.16,55.3 1 0
github.com/t402-io/t402/services/facilitator/cmd/facilitator/main.go:58.2,59.13 2 0
github.com/t402-io/t402/services/facilitator/cmd/facilitator/main.go:63.71,70.29 3 0
github.com/t402-io/t402/services/facilitator/cmd/facilitator/main.go:70.29,90.23 4 0
github.com/t402-io/t402/services/facilitator/cmd/facilitator/main.go:90.23,92.4 1 0
github.com/t402-io/t402/services/facilitator/cmd/facilitator/main.go:93.3,93.23 1 0
github.com/t402-io/t402/services/facilitator/cmd/facilitator/main.go:93.23,95.4 1 0
github.com/t402-io/t402/services/facilitator/cmd/facilitator/main.go:96.3,96.23 1 0
github.com/t402-io/t402/services/facilitator/cmd/facilitator/main.go:96.23,98.4 1 0
github.com/t402-io/t402/services/facilitator/cmd/facilitator/main.go:98.9,101.18 2 0
github.com/t402-io/t402/services/facilitator/cmd/facilitator/main.go:101.18,103.5 1 0
github.com/t402-io/t402/services/facilitator/cmd/facilitator/main.go:105.4,106.31 2 0
github.com/t402-io/t402/services/facilitator/cmd/facilitator/main.go:106.31,107.20 1 0
github.com/t402-io/t402/services/facilitator/cmd/facilitator/main.go:107.20,110.6 2 0
github.com/t402-io/t402/services/facilitator/cmd/facilitator/main.go:113.4,113.28 1 0
github.com/t402-io/t402/services/facilitator/cmd/facilitator/main.go:113.28,119.5 3 0
github.com/t402-io/t402/services/facilitator/cmd/facilitator/main.go:121.8,123.3 1 0
github.com/t402-io/t402/services/facilitator/cmd/facilitator/main.go:126.2,126.27 1 0
github.com/t402-io/t402/services/facilitator/cmd/facilitator/main.go:126.27,134.17 2 0
github.com/t402-io/t402/services/facilitator/cmd/facilitator/main.go:134.17,136.4 1 0
github.com/t402-io/t402/services/facilitator/cmd/facilitator/main.go:136.9,140.55 2 0
github.com/t402-io/t402/services/facilitator/cmd/facilitator/main.go:140.55,144.5 3 0
github.com/t402-io/t402/services/facilitator/cmd/facilitator/main.go:144.10,144.31 1 0
github.com/t402-io/t402/services/facilitator/cmd/facilitator/main.go:144.31,146.5 1 0
github.com/t402-io/t402/services/facilitator/cmd/facilitator/main.go:149.4,149.62 1 0
github.com/t402-io/t402/services/facilitator/cmd/facilitator/main.go:149.62,153.5 3 0
github.com/t402-io/t402/services/facilitator/cmd/facilitator/main.go:153.10,153.38 1 0
github.com/t402-io/t402/services/facilitator/cmd/facilitator/main.go:153.38,155.5 1 0
github.com/t402-io/t402/services/facilitator/cmd/facilitator/main.go:157.4,157.28 1 0
github.com/t402-io/t402/services/facilitator/cmd/facilitator/main.go:157.28,159.5 1 0
github.com/t402-io/t402/services/facilitator/cmd/facilitator/main.go:161.8,163.3 1 0
github.com/t402-io/t402/services/facilitator/cmd/facilitator/main.go:166.2,166.30 1 0
github.com/t402-io/t402/services/facilitator/cmd/facilitator/main.go:166.30,168.17 2 0
github.com/t402-io/t402/services/facilitator/cmd/facilitator/main.go:168.17,170.4 1 0
github.com/t402-io/t402/services/facilitator/cmd/facilitator/main.go:170.9,186.22 10 0
github.com/t402-io/t402/services/facilitator/cmd/facilitator/main.go:186.22,188.5 1 0
github.com/t402-io/t402/services/facilitator/cmd/facilitator/main.go:190.8,192.3 1 0
github.com/t402-io/t402/services/facilitator/cmd/facilitator/main.go:195.2,195.29 1 0
github.com/t402-io/t402/services/facilitator/cmd/facilitator/main.go:195.29,197.17 2 0
github.com/t402-io/t402/services/facilitator/cmd/facilitator/main.go:197.17,199.4 1 0
github.com/t402-io/t402/services/facilitator/cmd/facilitator/main.go:199.9,212.22 8 0
github.com/t402-io/t402/services/facilitator/cmd/facilitator/main.go:212.22,214.5 1 0
github.com/t402-io/t402/services/facilitator/cmd/facilitator/main.go:216.8,218.3 1 0
github.com/t402-io/t402/services/facilitator/cmd/facilitator/main.go:221.2,221.34 1 0
github.com/t402-io/t402/services/facilitator/cmd/facilitator/main.go:221.34,223.3 1 0
github.com/t402-io/t402/services/facilitator/cmd/facilitator/main.go:225.2,228.80 2 0
github.com/t402-io/t402/services/facilitator/cmd/facilitator/main.go:228.80,232.3 2 0
github.com/t402-io/t402/services/facilitator/cmd/facilitator/main.go:234.2,234.80 1 0
github.com/t402-io/t402/services/facilitator/cmd/facilitator/main.go:234.80,238.3 2 0
github.com/t402-io/t402/services/facilitator/cmd/facilitator/main.go:240.2,240.127 1 0
github.com/t402-io/t402/services/facilitator/cmd/facilitator/main.go:240.127,243.3 2 0
github.com/t402-io/t402/services/facilitator/cmd/facilitator/main.go:245.2,245.127 1 0
github.com/t402-io/t402/services/facilitator/cmd/facilitator/main.go:245.127,248.3 2 0
github.com/t402-io/t402/services/facilitator/cmd/facilitator/main.go:250.2,250.25 1 0
github.com/t402-io/t402/services/facilitator/cmd/facilitator/main.go:254.19,270.2 15 0
github.com/t402-io/t402/services/facilitator/cmd/facilitator/main.go:285.98,290.16 3 0
github.com/t402-io/t402/services/facilitator/cmd/facilitator/main.go:290.16,292.3 1 0
github.com/t402-io/t402/services/facilitator/cmd/facilitator/main.go:294.2,298.16 3 0
github.com/t402-io/t402/services/facilitator/cmd/facilitator/main.go:298.16,300.3 1 0
github.com/t402-io/t402/services/facilitator/cmd/facilitator/main.go:303.2,305.16 3 0
github.com/t402-io/t402/services/facilitator/cmd/facilitator/main.go:305.16,307.3 1 0
github.com/t402-io/t402/services/facilitator/cmd/facilitator/main.go:309.2,314.8 1 0
github.com/t402-io/t402/services/facilitator/cmd/facilitator/main.go:317.56,319.2 1 0
github.com/t402-io/t402/services/facilitator/cmd/facilitator/main.go:321.82,323.2 1 0
github.com/t402-io/t402/services/facilitator/cmd/facilitator/main.go:333.17,337.2 1 0
github.com/t402-io/t402/services/facilitator/cmd/facilitator/main.go:345.24,348.16 2 0
github.com/t402-io/t402/services/facilitator/cmd/facilitator/main.go:348.16,350.3 1 0
github.com/t402-io/t402/services/facilitator/cmd/facilitator/main.go:353.2,354.16 2 0
github.com/t402-io/t402/services/facilitator/cmd/facilitator/main.go:354.16,356.3 1 0
github.com/t402-io/t402/services/facilitator/cmd/facilitator/main.go:359.2,367.16 4 0
github.com/t402-io/t402/services/facilitator/cmd/facilitator/main.go:367.16,369.3 1 0
github.com/t402-io/t402/services/facilitator/cmd/facilitator/main.go:372.2,372.22 1 0
github.com/t402-io/t402/services/facilitator/cmd/facilitator/main.go:372.22,373.37 1 0
github.com/t402-io/t402/services/facilitator/cmd/facilitator/main.go:373.37,375.4 1 0
github.com/t402-io/t402/services/facilitator/cmd/facilitator/main.go:376.3,376.53 1 0
github.com/t402-io/t402/services/facilitator/cmd/facilitator/main.go:376.53,378.4 1 0
github.com/t402-io/t402/services/facilitator/cmd/facilitator/main.go:379.3,379.60 1 0
github.com/t402-io/t402/services/facilitator/cmd/facilitator/main.go:383.2,384.13 2 0
github.com/t402-io/t402/services/facilitator/cmd/facilitator/main.go:384.13,386.3 1 0
github.com/t402-io/t402/services/facilitator/cmd/facilitator/main.go:388.2,389.16 2 0
github.com/t402-io/t402/services/facilitator/cmd/facilitator/main.go:389.16,391.3 1 0
github.com/t402-io/t402/services/facilitator/cmd/facilitator/main.go:393.2,393.21 1 0
github.com/t402-io/t402/services/facilitator/cmd/facilitator/main.go:393.21,395.3 1 0
github.com/t402-io/t402/services/facilitator/cmd/facilitator/main.go:397.2,397.17 1 0
github.com/t402-io/t402/services/facilitator/cmd/facilitator/main.go:406.19,409.16 2 0
github.com/t402-io/t402/services/facilitator/cmd/facilitator/main.go:409.16,411.3 1 0
github.com/t402-io/t402/services/facilitator/cmd/facilitator/main.go:414.2,415.16 2 0
github.com/t402-io/t402/services/facilitator/cmd/facilitator/main.go:415.16,417.3 1 0
github.com/t402-io/t402/services/facilitator/cmd/facilitator/main.go:420.2,421.16 2 0
github.com/t402-io/t402/services/facilitator/cmd/facilitator/main.go:421.16,423.3 1 0
github.com/t402-io/t402/services/facilitator/cmd/facilitator/main.go:426.2,427.16 2 0
github.com/t402-io/t402/services/facilitator/cmd/facilitator/main.go:427.16,429.3 1 0
github.com/t402-io/t402/services/facilitator/cmd/facilitator/main.go:432.2,444.16 4 0
github.com/t402-io/t402/services/facilitator/cmd/facilitator/main.go:444.16,446.3 1 0
github.com/t402-io/t402/services/facilitator/cmd/facilitator/main.go:449.2,450.16 2 0
github.com/t402-io/t402/services/facilitator/cmd/facilitator/main.go:450.16,452.3 1 0
github.com/t402-io/t402/services/facilitator/cmd/facilitator/main.go:454.2,454.35 1 0
github.com/t402-io/t402/services/facilitator/cmd/facilitator/main.go:461.19,464.16 2 0
github.com/t402-io/t402/services/facilitator/cmd/facilitator/main.go:464.16,466.3 1 0
github.com/t402-io/t402/services/facilitator/cmd/facilitator/main.go:469.2,470.16 2 0
github.com/t402-io/t402/services/facilitator/cmd/facilitator/main.go:470.16,472.3 1 0
github.com/t402-io/t402/services/facilitator/cmd/facilitator/main.go:475.2,487.16 4 0
github.com/t402-io/t402/services/facilitator/cmd/facilitator/main.go:487.16,489.3 1 0
github.com/t402-io/t402/services/facilitator/cmd/facilitator/main.go:492.2,493.16 2 0
github.com/t402-io/t402/services/facilitator/cmd/facilitator/main.go:493.16,495.3 1 0
github.com/t402-io/t402/services/facilitator/cmd/facilitator/main.go:497.2,497.35 1 0
github.com/t402-io/t402/services/facilitator/cmd/facilitator/main.go:500.131,504.26 2 0
github.com/t402-io/t402/services/facilitator/cmd/facilitator/main.go:504.26,506.35 2 0
github.com/t402-io/t402/services/facilitator/cmd/facilitator/main.go:506.35,512.4 1 0
github.com/t402-io/t402/services/facilitator/cmd/facilitator/main.go:513.3,513.30 1 0
github.com/t402-io/t402/services/facilitator/cmd/facilitator/main.go:516.2,516.74 1 0
github.com/t402-io/t402/services/facilitator/cmd/facilitator/main.go:519.119,520.88 1 0
github.com/t402-io/t402/services/facilitator/cmd/facilitator/main.go:520.88,523.17 2 0
github.com/t402-io/t402/services/facilitator/cmd/facilitator/main.go:523.17,525.4 1 0
github.com/t402-io/t402/services/facilitator/cmd/facilitator/main.go:526.3,526.22 1 0
github.com/t402-io/t402/services/facilitator/cmd/facilitator/main.go:530.2,533.16 3 0
github.com/t402-io/t402/services/facilitator/cmd/facilitator/main.go:533.16,535.3 1 0
github.com/t402-io/t402/services/facilitator/cmd/facilitator/main.go:537.2,537.42 1 0
github.com/t402-io/t402/services/facilitator/cmd/facilitator/main.go:537.42,539.3 1 0
github.com/t402-io/t402/services/facilitator/cmd/facilitator/main.go:541.2,541.63 1 0
github.com/t402-io/t402/services/facilitator/cmd/facilitator/main.go:544.93,547.16 3 0
github.com/t402-io/t402/services/facilitator/cmd/facilitator/main.go:547.16,549.3 1 0
github.com/t402-io/t402/services/facilitator/cmd/facilitator/main.go:550.2,550.18 1 0
github.com/t402-io/t402/services/facilitator/cmd/facilitator/solana_signer.go:24.126,25.25 1 0
github.com/t402-io/t402/services/facilitator/cmd/facilitator/solana_signer.go:25.25,27.3 1 0
github.com/t402-io/t402/services/facilitator/cmd/facilitator/solana_signer.go:30.2,34.16 3 0
github.com/t402-io/t402/services/facilitator/cmd/facilitator/solana_signer.go:34.16,36.3 1 0
github.com/t402-io/t402/services/facilitator/cmd/facilitator/solana_signer.go:40.2,43.32 3 0
github.com/t402-io/t402/services/facilitator/cmd/facilitator/solana_signer.go:43.32,48.3 3 0
github.com/t402-io/t402/services/facilitator/cmd/facilitator/solana_signer.go:48.8,48.39 1 0
github.com/t402-io/t402/services/facilitator/cmd/facilitator/solana_signer.go:48.39,51.3 2 0
github.com/t402-io/t402/services/facilitator/cmd/facilitator/solana_signer.go:51.8,53.3 1 0
github.com/t402-io/t402/services/facilitator/cmd/facilitator/solana_signer.go:55.2,62.22 2 0
github.com/t402-io/t402/services/facilitator/cmd/facilitator/solana_signer.go:62.22,64.3 1 0
github.com/t402-io/t402/services/facilitator/cmd/facilitator/solana_signer.go:64.8,67.3 1 0
github.com/t402-io/t402/services/facilitator/cmd/facilitator/solana_signer.go:69.2,69.21 1 0
github.com/t402-io/t402/services/facilitator/cmd/facilitator/solana_signer.go:69.21,71.3 1 0
github.com/t402-io/t402/services/facilitator/cmd/facilitator/solana_signer.go:71.8,74.3 1 0
github.com/t402-io/t402/services/facilitator/cmd/facilitator/solana_signer.go:77.2,79.20 2 0
github.com/t402-io/t402/services/facilitator/cmd/facilitator/solana_signer.go:82.82,85.16 2 0
github.com/t402-io/t402/services/facilitator/cmd/facilitator/solana_signer.go:85.16,87.3 1 0
github.com/t402-io/t402/services/facilitator/cmd/facilitator/solana_signer.go:89.2,90.9 2 0
github.com/t402-io/t402/services/facilitator/cmd/facilitator/solana_signer.go:90.9,92.3 1 0
github.com/t402-io/t402/services/facilitator/cmd/facilitator/solana_signer.go:94.2,94.20 1 0
github.com/t402-io/t402/services/facilitator/cmd/facilitator/solana_signer.go:97.104,99.2 1 0
github.com/t402-io/t402/services/facilitator/cmd/facilitator/solana_signer.go:101.145,103.35 1 0
github.com/t402-io/t402/services/facilitator/cmd/facilitator/solana_signer.go:103.35,105.3 1 0
github.com/t402-io/t402/services/facilitator/cmd/facilitator/solana_signer.go:108.2,109.16 2 0
github.com/t402-io/t402/services/facilitator/cmd/facilitator/solana_signer.go:109.16,111.3 1 0
github.com/t402-io/t402/services/facilitator/cmd/facilitator/solana_signer.go:114.2,115.16 2 0
github.com/t402-io/t402/services/facilitator/cmd/facilitator/solana_signer.go:115.16,117.3 1 0
github.com/t402-io/t402/services/facilitator/cmd/facilitator/solana_signer.go:120.2,123.65 2 0
github.com/t402-io/t402/services/facilitator/cmd/facilitator/solana_signer.go:123.65,124.30 1 0
github.com/t402-io/t402/services/facilitator/cmd/facilitator/solana_signer.go:124.30,126.4 1 0
github.com/t402-io/t402/services/facilitator/cmd/facilitator/solana_signer.go:127.3,127.13 1 0
github.com/t402-io/t402/services/facilitator/cmd/facilitator/solana_signer.go:129.2,129.16 1 0
github.com/t402-io/t402/services/facilitator/cmd/facilitator/solana_signer.go:129.16,131.3 1 0
github.com/t402-io/t402/services/facilitator/cmd/facilitator/solana_signer.go:133.2,133.12 1 0
github.com/t402-io/t402/services/facilitator/cmd/facilitator/solana_signer.go:136.122,138.16 2 0
github.com/t402-io/t402/services/facilitator/cmd/facilitator/solana_signer.go:138.16,140.3 1 0
github.com/t402-io/t402/services/facilitator/cmd/facilitator/solana_signer.go:143.2,144.16 2 0
github.com/t402-io/t402/services/facilitator/cmd/facilitator/solana_signer.go:144.16,146.3 1 0
github.com/t402-io/t402/services/facilitator/cmd/facilitator/solana_signer.go:149.2,149.29 1 0
github.com/t402-io/t402/services/facilitator/cmd/facilitator/solana_signer.go:149.29,151.3 1 0
github.com/t402-io/t402/services/facilitator/cmd/facilitator/solana_signer.go:153.2,153.12 1 0
github.com/t402-io/t402/services/facilitator/cmd/facilitator/solana_signer.go:156.138,158.16 2 0
github.com/t402-io/t402/services/facilitator/cmd/facilitator/solana_signer.go:158.16,160.3 1 0
github.com/t402-io/t402/services/facilitator/cmd/facilitator/solana_signer.go:163.2,164.16 2 0
github.com/t402-io/t402/services/facilitator/cmd/facilitator/solana_signer.go:164.16,166.3 1 0
github.com/t402-io/t402/services/facilitator/cmd/facilitator/solana_signer.go:168.2,168.17 1 0
github.com/t402-io/t402/services/facilitator/cmd/facilitator/solana_signer.go:171.125,173.16 2 0
github.com/t402-io/t402/services/facilitator/cmd/facilitator/solana_signer.go:173.16,175.3 1 0
github.com/t402-io/t402/services/facilitator/cmd/facilitator/solana_signer.go:178.2,181.35 3 0
github.com/t402-io/t402/services/facilitator/cmd/facilitator/solana_signer.go:181.35,184.17 2 0
github.com/t402-io/t402/services/facilitator/cmd/facilitator/solana_signer.go:184.17,187.12 2 0
github.com/t402-io/t402/services/facilitator/cmd/facilitator/solana_signer.go:190.3,190.58 1 0
github.com/t402-io/t402/services/facilitator/cmd/facilitator/solana_signer.go:190.58,194.25 2 0
github.com/t402-io/t402/services/facilitator/cmd/facilitator/solana_signer.go:194.25,196.5 1 0
github.com/t402-io/t402/services/facilitator/cmd/facilitator/solana_signer.go:199.4,200.66 1 0
github.com/t402-io/t402/services/facilitator/cmd/facilitator/solana_signer.go:200.66,202.5 1 0
github.com/t402-io/t402/services/facilitator/cmd/facilitator/solana_signer.go:205.3,205.10 1 0
github.com/t402-io/t402/services/facilitator/cmd/facilitator/solana_signer.go:206.21,207.73 1 0
github.com/t402-io/t402/services/facilitator/cmd/facilitator/solana_signer.go:208.31,209.12 1 0
github.com/t402-io/t402/services/facilitator/cmd/facilitator/solana_signer.go:213.2,213.86 1 0
github.com/t402-io/t402/services/facilitator/cmd/facilitator/ton_signer.go:52.116,53.20 1 0
github.com/t402-io/t402/services/facilitator/cmd/facilitator/ton_signer.go:53.20,55.3 1 0
github.com/t402-io/t402/services/facilitator/cmd/facilitator/ton_signer.go:58.2,61.44 3 0
github.com/t402-io/t402/services/facilitator/cmd/facilitator/ton_signer.go:61.44,64.17 2 0
github.com/t402-io/t402/services/facilitator/cmd/facilitator/ton_signer.go:64.17,66.4 1 0
github.com/t402-io/t402/services/facilitator/cmd/facilitator/ton_signer.go:67.3,67.44 1 0
github.com/t402-io/t402/services/facilitator/cmd/facilitator/ton_signer.go:68.8,68.29 1 0
github.com/t402-io/t402/services/facilitator/cmd/facilitator/ton_signer.go:68.29,74.3 2 0
github.com/t402-io/t402/services/facilitator/cmd/facilitator/ton_signer.go:74.8,76.3 1 0
github.com/t402-io/t402/services/facilitator/cmd/facilitator/ton_signer.go:78.2,88.22 3 0
github.com/t402-io/t402/services/facilitator/cmd/facilitator/ton_signer.go:88.22,90.3 1 0
github.com/t402-io/t402/services/facilitator/cmd/facilitator/ton_signer.go:91.2,91.22 1 0
github.com/t402-io/t402/services/facilitator/cmd/facilitator/ton_signer.go:91.22,93.3 1 0
github.com/t402-io/t402/services/facilitator/cmd/facilitator/ton_signer.go:95.2,95.20 1 0
github.com/t402-io/t402/services/facilitator/cmd/facilitator/ton_signer.go:100.43,108.2 4 0
github.com/t402-io/t402/services/facilitator/cmd/facilitator/ton_signer.go:111.141,113.16 2 0
github.com/t402-io/t402/services/facilitator/cmd/facilitator/ton_signer.go:113.16,115.3 1 0
github.com/t402-io/t402/services/facilitator/cmd/facilitator/ton_signer.go:118.2,118.23 1 0
github.com/t402-io/t402/services/facilitator/cmd/facilitator/ton_signer.go:118.23,120.3 1 0
github.com/t402-io/t402/services/facilitator/cmd/facilitator/ton_signer.go:121.2,121.23 1 0
github.com/t402-io/t402/services/facilitator/cmd/facilitator/ton_signer.go:121.23,123.3 1 0
github.com/t402-io/t402/services/facilitator/cmd/facilitator/ton_signer.go:125.2,125.20 1 0
github.com/t402-io/t402/services/facilitator/cmd/facilitator/ton_signer.go:128.91,129.42 1 0
github.com/t402-io/t402/services/facilitator/cmd/facilitator/ton_signer.go:129.42,131.3 1 0
github.com/t402-io/t402/services/facilitator/cmd/facilitator/ton_signer.go:133.2,134.35 2 0
github.com/t402-io/t402/services/facilitator/cmd/facilitator/ton_signer.go:134.35,136.3 1 0
github.com/t402-io/t402/services/facilitator/cmd/facilitator/ton_signer.go:137.2,137.14 1 0
github.com/t402-io/t402/services/facilitator/cmd/facilitator/ton_signer.go:140.76,141.46 1 0
github.com/t402-io/t402/services/facilitator/cmd/facilitator/ton_signer.go:141.46,143.3 1 0
github.com/t402-io/t402/services/facilitator/cmd/facilitator/ton_signer.go:144.2,145.16 2 0
github.com/t402-io/t402/services/facilitator/cmd/facilitator/ton_signer.go:145.16,147.3 1 0
github.com/t402-io/t402/services/facilitator/cmd/facilitator/ton_signer.go:148.2,148.29 1 0
github.com/t402-io/t402/services/facilitator/cmd/facilitator/ton_signer.go:152.154,154.16 2 0
github.com/t402-io/t402/services/facilitator/cmd/facilitator/ton_signer.go:154.16,156.3 1 0
github.com/t402-io/t402/services/facilitator/cmd/facilitator/ton_signer.go:158.2,166.16 3 0
github.com/t402-io/t402/services/facilitator/cmd/facilitator/ton_signer.go:166.16,168.3 1 0
github.com/t402-io/t402/services/facilitator/cmd/facilitator/ton_signer.go:170.2,171.16 2 0
github.com/t402-io/t402/services/facilitator/cmd/facilitator/ton_signer.go:171.16,173.3 1 0
github.com/t402-io/t402/services/facilitator/cmd/facilitator/ton_signer.go:174.2,178.16 4 0
github.com/t402-io/t402/services/facilitator/cmd/facilitator/ton_signer.go:178.16,180.3 1 0
github.com/t402-io/t402/services/facilitator/cmd/facilitator/ton_signer.go:181.2,184.16 3 0
github.com/t402-io/t402/services/facilitator/cmd/facilitator/ton_signer.go:184.16,186.3 1 0
github.com/t402-io/t402/services/facilitator/cmd/facilitator/ton_signer.go:188.2,196.55 2 0
github.com/t402-io/t402/services/facilitator/cmd/facilitator/ton_signer.go:196.55,198.3 1 0
github.com/t402-io/t402/services/facilitator/cmd/facilitator/ton_signer.go:200.2,200.26 1 0
github.com/t402-io/t402/services/facilitator/cmd/facilitator/ton_signer.go:200.26,202.3 1 0
github.com/t402-io/t402/services/facilitator/cmd/facilitator/ton_signer.go:204.2,204.28 1 0
github.com/t402-io/t402/services/facilitator/cmd/facilitator/ton_signer.go:207.121,214.16 2 0
github.com/t402-io/t402/services/facilitator/cmd/facilitator/ton_signer.go:214.16,216.3 1 0
github.com/t402-io/t402/services/facilitator/cmd/facilitator/ton_signer.go:219.2,224.16 2 0
github.com/t402-io/t402/services/facilitator/cmd/facilitator/ton_signer.go:224.16,226.3 1 0
github.com/t402-io/t402/services/facilitator/cmd/facilitator/ton_signer.go:228.2,232.62 2 0
github.com/t402-io/t402/services/facilitator/cmd/facilitator/ton_signer.go:232.62,234.3 1 0
github.com/t402-io/t402/services/facilitator/cmd/facilitator/ton_signer.go:236.2,236.64 1 0
github.com/t402-io/t402/services/facilitator/cmd/facilitator/ton_signer.go:236.64,238.3 1 0
github.com/t402-io/t402/services/facilitator/cmd/facilitator/ton_signer.go:241.2,241.91 1 0
github.com/t402-io/t402/services/facilitator/cmd/facilitator/ton_signer.go:241.91,242.52 1 0
github.com/t402-io/t402/services/facilitator/cmd/facilitator/ton_signer.go:242.52,244.43 1 0
github.com/t402-io/t402/services/facilitator/cmd/facilitator/ton_signer.go:244.43,246.5 1 0
github.com/t402-io/t402/services/facilitator/cmd/facilitator/ton_signer.go:247.4,248.18 2 0
github.com/t402-io/t402/services/facilitator/cmd/facilitator/ton_signer.go:248.18,250.5 1 0
github.com/t402-io/t402/services/facilitator/cmd/facilitator/ton_signer.go:254.2,254.17 1 0
github.com/t402-io/t402/services/facilitator/cmd/facilitator/ton_signer.go:257.126,266.16 2 0
github.com/t402-io/t402/services/facilitator/cmd/facilitator/ton_signer.go:266.16,268.3 1 0
github.com/t402-io/t402/services/facilitator/cmd/facilitator/ton_signer.go:270.2,274.62 2 0
github.com/t402-io/t402/services/facilitator/cmd/facilitator/ton_signer.go:274.62,276.3 1 0
github.com/t402-io/t402/services/facilitator/cmd/facilitator/ton_signer.go:278.2,278.32 1 0
github.com/t402-io/t402/services/facilitator/cmd/facilitator/ton_signer.go:278.32,280.3 1 0
github.com/t402-io/t402/services/facilitator/cmd/facilitator/ton_signer.go:282.2,282.34 1 0
github.com/t402-io/t402/services/facilitator/cmd/facilitator/ton_signer.go:282.34,284.3 1 0
github.com/t402-io/t402/services/facilitator/cmd/facilitator/ton_signer.go:287.2,287.87 1 0
github.com/t402-io/t402/services/facilitator/cmd/facilitator/ton_signer.go:287.87,288.47 1 0
github.com/t402-io/t402/services/facilitator/cmd/facilitator/ton_signer.go:288.47,290.4 1 0
github.com/t402-io/t402/services/facilitator/cmd/facilitator/ton_signer.go:293.2,293.71 1 0
github.com/t402-io/t402/services/facilitator/cmd/facilitator/ton_signer.go:296.133,299.16 2 0
github.com/t402-io/t402/services/facilitator/cmd/facilitator/ton_signer.go:299.16,304.3 1 0
github.com/t402-io/t402/services/facilitator/cmd/facilitator/ton_signer.go:307.2,307.23 1 0
github.com/t402-io/t402/services/facilitator/cmd/facilitator/ton_signer.go:307.23,312.3 1 0
github.com/t402-io/t402/services/facilitator/cmd/facilitator/ton_signer.go:320.2,322.8 1 0
github.com/t402-io/t402/services/facilitator/cmd/facilitator/ton_signer.go:325.123,329.16 2 0
github.com/t402-io/t402/services/facilitator/cmd/facilitator/ton_signer.go:329.16,331.3 1 0
github.com/t402-io/t402/services/facilitator/cmd/facilitator/ton_signer.go:333.2,336.60 2 0
github.com/t402-io/t402/services/facilitator/cmd/facilitator/ton_signer.go:336.60,339.3 1 0
github.com/t402-io/t402/services/facilitator/cmd/facilitator/ton_signer.go:341.2,341.27 1 0
github.com/t402-io/t402/services/facilitator/cmd/facilitator/ton_signer.go:341.27,343.3 1 0
github.com/t402-io/t402/services/facilitator/cmd/facilitator/ton_signer.go:345.2,345.23 1 0
github.com/t402-io/t402/services/facilitator/cmd/facilitator/ton_signer.go:348.147,350.18 2 0
github.com/t402-io/t402/services/facilitator/cmd/facilitator/ton_signer.go:350.18,352.3 1 0
github.com/t402-io/t402/services/facilitator/cmd/facilitator/ton_signer.go:354.2,357.34 3 0
github.com/t402-io/t402/services/facilitator/cmd/facilitator/ton_signer.go:357.34,360.49 2 0
github.com/t402-io/t402/services/facilitator/cmd/facilitator/ton_signer.go:360.49,365.4 1 0
github.com/t402-io/t402/services/facilitator/cmd/facilitator/ton_signer.go:367.3,367.10 1 0
github.com/t402-io/t402/services/facilitator/cmd/facilitator/ton_signer.go:368.21,372.10 1 0
github.com/t402-io/t402/services/facilitator/cmd/facilitator/ton_signer.go:373.31,374.12 1 0
github.com/t402-io/t402/services/facilitator/cmd/facilitator/ton_signer.go:378.2,381.8 1 0
github.com/t402-io/t402/services/facilitator/cmd/facilitator/ton_signer.go:384.109,390.16 2 0
github.com/t402-io/t402/services/facilitator/cmd/facilitator/ton_signer.go:390.16,392.3 1 0
github.com/t402-io/t402/services/facilitator/cmd/facilitator/ton_signer.go:394.2,398.62 2 0
github.com/t402-io/t402/services/facilitator/cmd/facilitator/ton_signer.go:398.62,400.3 1 0
github.com/t402-io/t402/services/facilitator/cmd/facilitator/ton_signer.go:402.2,402.32 1 0
github.com/t402-io/t402/services/facilitator/cmd/facilitator/ton_signer.go:402.32,404.3 1 0
github.com/t402-io/t402/services/facilitator/cmd/facilitator/ton_signer.go:406.2,406.34 1 0
github.com/t402-io/t402/services/facilitator/cmd/facilitator/ton_signer.go:406.34,408.3 1 0
github.com/t402-io/t402/services/facilitator/cmd/facilitator/ton_signer.go:411.2,411.83 1 0
github.com/t402-io/t402/services/facilitator/cmd/facilitator/ton_signer.go:411.83,412.33 1 0
github.com/t402-io/t402/services/facilitator/cmd/facilitator/ton_signer.go:413.16,414.24 1 0
github.com/t402-io/t402/services/facilitator/cmd/facilitator/ton_signer.go:415.15,417.34 1 0
github.com/t402-io/t402/services/facilitator/cmd/facilitator/ton_signer.go:417.34,419.5 1 0
github.com/t402-io/t402/services/facilitator/cmd/facilitator/ton_signer.go:420.4,421.18 2 0
github.com/t402-io/t402/services/facilitator/cmd/facilitator/ton_signer.go:421.18,423.5 1 0
github.com/t402-io/t402/services/facilitator/cmd/facilitator/ton_signer.go:427.2,427.15 1 0
github.com/t402-io/t402/services/facilitator/cmd/facilitator/ton_signer.go:430.110,434.16 2 0
github.com/t402-io/t402/services/facilitator/cmd/facilitator/ton_signer.go:434.16,436.3 1 0
github.com/t402-io/t402/services/facilitator/cmd/facilitator/ton_signer.go:438.2,441.58 2 0
github.com/t402-io/t402/services/facilitator/cmd/facilitator/ton_signer.go:441.58,443.3 1 0
github.com/t402-io/t402/services/facilitator/cmd/facilitator/ton_signer.go:445.2,445.40 1 0
github.com/t402-io/t402/services/facilitator/cmd/facilitator/tron_signer.go:28.104,29.25 1 8
github.com/t402-io/t402/services/facilitator/cmd/facilitator/tron_signer.go:29.25,31.3 1 1
github.com/t402-io/t402/services/facilitator/cmd/facilitator/tron_signer.go:34.2,38.16 3 7
github.com/t402-io/t402/services/facilitator/cmd/facilitator/tron_signer.go:38.16,40.3 1 1
github.com/t402-io/t402/services/facilitator/cmd/facilitator/tron_signer.go:42.2,43.16 2 6
github.com/t402-io/t402/services/facilitator/cmd/facilitator/tron_signer.go:43.16,45.3 1 0
github.com/t402-io/t402/services/facilitator/cmd/facilitator/tron_signer.go:48.2,57.22 3 6
github.com/t402-io/t402/services/facilitator/cmd/facilitator/tron_signer.go:57.22,60.3 2 1
github.com/t402-io/t402/services/facilitator/cmd/facilitator/tron_signer.go:60.8,64.3 2 5
github.com/t402-io/t402/services/facilitator/cmd/facilitator/tron_signer.go:67.2,74.20 5 6
github.com/t402-io/t402/services/facilitator/cmd/facilitator/tron_signer.go:78.58,87.2 3 10
github.com/t402-io/t402/services/facilitator/cmd/facilitator/tron_signer.go:90.44,101.2 5 11
github.com/t402-io/t402/services/facilitator/cmd/facilitator/tron_signer.go:104.39,115.22 7 15
github.com/t402-io/t402/services/facilitator/cmd/facilitator/tron_signer.go:115.22,118.3 2 383
github.com/t402-io/t402/services/facilitator/cmd/facilitator/tron_signer.go:121.2,121.25 1 15
github.com/t402-io/t402/services/facilitator/cmd/facilitator/tron_signer.go:121.25,122.13 1 16
github.com/t402-io/t402/services/facilitator/cmd/facilitator/tron_signer.go:122.13,123.9 1 14
github.com/t402-io/t402/services/facilitator/cmd/facilitator/tron_signer.go:125.3,125.50 1 2
github.com/t402-io/t402/services/facilitator/cmd/facilitator/tron_signer.go:128.2,128.23 1 15
github.com/t402-io/t402/services/facilitator/cmd/facilitator/tron_signer.go:131.92,132.42 1 4
github.com/t402-io/t402/services/facilitator/cmd/facilitator/tron_signer.go:132.42,134.3 1 3
github.com/t402-io/t402/services/facilitator/cmd/facilitator/tron_signer.go:136.2,137.35 2 1
github.com/t402-io/t402/services/facilitator/cmd/facilitator/tron_signer.go:137.35,139.3 1 3
github.com/t402-io/t402/services/facilitator/cmd/facilitator/tron_signer.go:140.2,140.14 1 1
github.com/t402-io/t402/services/facilitator/cmd/facilitator/tron_signer.go:143.77,144.46 1 0
github.com/t402-io/t402/services/facilitator/cmd/facilitator/tron_signer.go:144.46,146.3 1 0
github.com/t402-io/t402/services/facilitator/cmd/facilitator/tron_signer.go:147.2,148.16 2 0
github.com/t402-io/t402/services/facilitator/cmd/facilitator/tron_signer.go:148.16,150.3 1 0
github.com/t402-io/t402/services/facilitator/cmd/facilitator/tron_signer.go:151.2,151.29 1 0
github.com/t402-io/t402/services/facilitator/cmd/facilitator/tron_signer.go:155.152,157.16 2 0
github.com/t402-io/t402/services/facilitator/cmd/facilitator/tron_signer.go:157.16,159.3 1 0
github.com/t402-io/t402/services/facilitator/cmd/facilitator/tron_signer.go:161.2,164.17 3 0
github.com/t402-io/t402/services/facilitator/cmd/facilitator/tron_signer.go:164.17,166.17 2 0
github.com/t402-io/t402/services/facilitator/cmd/facilitator/tron_signer.go:166.17,168.4 1 0
github.com/t402-io/t402/services/facilitator/cmd/facilitator/tron_signer.go:169.3,169.38 1 0
github.com/t402-io/t402/services/facilitator/cmd/facilitator/tron_signer.go:172.2,173.16 2 0
github.com/t402-io/t402/services/facilitator/cmd/facilitator/tron_signer.go:173.16,175.3 1 0
github.com/t402-io/t402/services/facilitator/cmd/facilitator/tron_signer.go:176.2,181.16 5 0
github.com/t402-io/t402/services/facilitator/cmd/facilitator/tron_signer.go:181.16,183.3 1 0
github.com/t402-io/t402/services/facilitator/cmd/facilitator/tron_signer.go:184.2,187.16 3 0
github.com/t402-io/t402/services/facilitator/cmd/facilitator/tron_signer.go:187.16,189.3 1 0
github.com/t402-io/t402/services/facilitator/cmd/facilitator/tron_signer.go:191.2,191.22 1 0
github.com/t402-io/t402/services/facilitator/cmd/facilitator/tron_signer.go:194.111,198.16 2 0
github.com/t402-io/t402/services/facilitator/cmd/facilitator/tron_signer.go:198.16,200.3 1 0
github.com/t402-io/t402/services/facilitator/cmd/facilitator/tron_signer.go:203.2,212.16 3 0
github.com/t402-io/t402/services/facilitator/cmd/facilitator/tron_signer.go:212.16,214.3 1 0
github.com/t402-io/t402/services/facilitator/cmd/facilitator/tron_signer.go:216.2,222.63 2 0
github.com/t402-io/t402/services/facilitator/cmd/facilitator/tron_signer.go:222.63,224.3 1 0
github.com/t402-io/t402/services/facilitator/cmd/facilitator/tron_signer.go:226.2,226.76 1 0
github.com/t402-io/t402/services/facilitator/cmd/facilitator/tron_signer.go:226.76,228.3 1 0
github.com/t402-io/t402/services/facilitator/cmd/facilitator/tron_signer.go:231.2,235.30 4 0
github.com/t402-io/t402/services/facilitator/cmd/facilitator/tron_signer.go:238.144,241.16 2 0
github.com/t402-io/t402/services/facilitator/cmd/facilitator/tron_signer.go:241.16,246.3 1 0
github.com/t402-io/t402/services/facilitator/cmd/facilitator/tron_signer.go:249.2,249.24 1 0
github.com/t402-io/t402/services/facilitator/cmd/facilitator/tron_signer.go:249.24,254.3 1 0
github.com/t402-io/t402/services/facilitator/cmd/facilitator/tron_signer.go:260.2,262.8 1 0
github.com/t402-io/t402/services/facilitator/cmd/facilitator/tron_signer.go:265.133,269.16 2 0
github.com/t402-io/t402/services/facilitator/cmd/facilitator/tron_signer.go:269.16,271.3 1 0
github.com/t402-io/t402/services/facilitator/cmd/facilitator/tron_signer.go:273.2,279.65 2 0
github.com/t402-io/t402/services/facilitator/cmd/facilitator/tron_signer.go:279.65,281.3 1 0
github.com/t402-io/t402/services/facilitator/cmd/facilitator/tron_signer.go:283.2,283.29 1 0
github.com/t402-io/t402/services/facilitator/cmd/facilitator/tron_signer.go:283.29,285.16 2 0
github.com/t402-io/t402/services/facilitator/cmd/facilitator/tron_signer.go:285.16,287.4 1 0
github.com/t402-io/t402/services/facilitator/cmd/facilitator/tron_signer.go:288.3,288.53 1 0
github.com/t402-io/t402/services/facilitator/cmd/facilitator/tron_signer.go:291.2,291.34 1 0
github.com/t402-io/t402/services/facilitator/cmd/facilitator/tron_signer.go:294.150,296.18 2 0
github.com/t402-io/t402/services/facilitator/cmd/facilitator/tron_signer.go:296.18,298.3 1 0
github.com/t402-io/t402/services/facilitator/cmd/facilitator/tron_signer.go:300.2,303.34 3 0
github.com/t402-io/t402/services/facilitator/cmd/facilitator/tron_signer.go:303.34,308.17 2 0
github.com/t402-io/t402/services/facilitator/cmd/facilitator/tron_signer.go:308.17,315.79 2 0
github.com/t402-io/t402/services/facilitator/cmd/facilitator/tron_signer.go:315.79,318.70 2 0
github.com/t402-io/t402/services/facilitator/cmd/facilitator/tron_signer.go:318.70,320.6 1 0
github.com/t402-io/t402/services/facilitator/cmd/facilitator/tron_signer.go:321.5,324.11 1 0
github.com/t402-io/t402/services/facilitator/cmd/facilitator/tron_signer.go:328.3,328.10 1 0
github.com/t402-io/t402/services/facilitator/cmd/facilitator/tron_signer.go:329.21,333.10 1 0
github.com/t402-io/t402/services/facilitator/cmd/facilitator/tron_signer.go:334.31,335.12 1 0
github.com/t402-io/t402/services/facilitator/cmd/facilitator/tron_signer.go:339.2,342.8 1 0
github.com/t402-io/t402/services/facilitator/cmd/facilitator/tron_signer.go:345.112,350.16 2 0
github.com/t402-io/t402/services/facilitator/cmd/facilitator/tron_signer.go:350.16,352.3 1 0
github.com/t402-io/t402/services/facilitator/cmd/facilitator/tron_signer.go:354.2,357.61 2 0
github.com/t402-io/t402/services/facilitator/cmd/facilitator/tron_signer.go:357.61,359.3 1 0
github.com/t402-io/t402/services/facilitator/cmd/facilitator/tron_signer.go:362.2,362.39 1 0
github.com/t402-io/t402/services/facilitator/cmd/facilitator/tron_signer.go:366.55,367.40 1 0
github.com/t402-io/t402/services/facilitator/cmd/facilitator/tron_signer.go:367.40,369.3 1 0
github.com/t402-io/t402/services/facilitator/cmd/facilitator/tron_signer.go:372.2,373.16 2 0
github.com/t402-io/t402/services/facilitator/cmd/facilitator/tron_signer.go:373.16,375.3 1 0
github.com/t402-io/t402/services/facilitator/cmd/facilitator/tron_signer.go:378.2,378.22 1 0
github.com/t402-io/t402/services/facilitator/cmd/facilitator/tron_signer.go:378.22,380.3 1 0
github.com/t402-io/t402/services/facilitator/cmd/facilitator/tron_signer.go:381.2,383.46 2 0
github.com/t402-io/t402/services/facilitator/cmd/facilitator/tron_signer.go:387.49,393.26 4 0
github.com/t402-io/t402/services/facilitator/cmd/facilitator/tron_signer.go:393.26,395.16 2 0
github.com/t402-io/t402/services/facilitator/cmd/facilitator/tron_signer.go:395.16,397.4 1 0
github.com/t402-io/t402/services/facilitator/cmd/facilitator/tron_signer.go:398.3,399.45 2 0
github.com/t402-io/t402/services/facilitator/cmd/facilitator/tron_signer.go:403.2,406.26 2 0
github.com/t402-io/t402/services/facilitator/cmd/facilitator/tron_signer.go:406.26,407.15 1 0
github.com/t402-io/t402/services/facilitator/cmd/facilitator/tron_signer.go:407.15,408.9 1 0
github.com/t402-io/t402/services/facilitator/cmd/facilitator/tron_signer.go:410.3,410.42 1 0
github.com/t402-io/t402/services/facilitator/cmd/facilitator/tron_signer.go:413.2,413.21 1 0
